<?xml version="1.0" encoding="utf-8"?><testsuites name="pytest tests"><testsuite name="pytest" errors="0" failures="0" skipped="0" tests="48" time="19.602" timestamp="2026-06-12T09:26:39.150298+00:00" hostname="agent-env-6d4f1ef0-abbe-4a3b-8d22-218265f62595"><testcase classname="tests.test_monochat_api.TestHealth" name="test_root" time="0.165" /><testcase classname="tests.test_monochat_api.TestAuth" name="test_signup_invalid_email" time="0.110" /><testcase classname="tests.test_monochat_api.TestAuth" name="test_signup_short_password" time="0.100" /><testcase classname="tests.test_monochat_api.TestAuth" name="test_signup_invalid_username" time="0.103" /><testcase classname="tests.test_monochat_api.TestAuth" name="test_signup_duplicate_username" time="0.098" /><testcase classname="tests.test_monochat_api.TestAuth" name="test_signup_duplicate_email" time="0.104" /><testcase classname="tests.test_monochat_api.TestAuth" name="test_signup_and_login_new_user" time="0.597" /><testcase classname="tests.test_monochat_api.TestAuth" name="test_login_wrong_password" time="0.325" /><testcase classname="tests.test_monochat_api.TestAuth" name="test_me_with_token" time="0.419" /><testcase classname="tests.test_monochat_api.TestAuth" name="test_me_invalid_token" time="0.096" /><testcase classname="tests.test_monochat_api.TestVerificationGating" name="test_chats_blocked" time="0.415" /><testcase classname="tests.test_monochat_api.TestVerificationGating" name="test_requests_blocked" time="0.098" /><testcase classname="tests.test_monochat_api.TestVerificationGating" name="test_search_blocked" time="0.091" /><testcase classname="tests.test_monochat_api.TestVerification" name="test_countries" time="0.097" /><testcase classname="tests.test_monochat_api.TestVerification" name="test_submit_returns_structured_response" time="4.394" /><testcase classname="tests.test_monochat_api.TestRequests" name="test_search_existing_user" time="0.108" /><testcase classname="tests.test_monochat_api.TestRequests" name="test_search_self" time="0.092" /><testcase classname="tests.test_monochat_api.TestRequests" name="test_search_unknown" time="0.101" /><testcase classname="tests.test_monochat_api.TestRequests" name="test_self_request" time="0.097" /><testcase classname="tests.test_monochat_api.TestRequests" name="test_unknown_request" time="0.098" /><testcase classname="tests.test_monochat_api.TestRequests" name="test_full_request_accept_flow" time="0.705" /><testcase classname="tests.test_monochat_api.TestMessaging" name="test_send_text_message" time="0.295" /><testcase classname="tests.test_monochat_api.TestMessaging" name="test_send_image_message" time="0.211" /><testcase classname="tests.test_monochat_api.TestMessaging" name="test_chats_list_shows_friend" time="0.199" /><testcase classname="tests.test_monochat_api.TestMessaging" name="test_mark_read" time="0.299" /><testcase classname="tests.test_monochat_api.TestMessaging" name="test_message_to_non_friend_blocked" time="0.094" /><testcase classname="tests.test_monochat_api.TestMessaging" name="test_messages_to_non_friend_get_blocked" time="0.107" /><testcase classname="tests.test_monochat_api.TestWebSocket" name="test_ws_connect_and_message_push" time="0.893" /><testcase classname="tests.test_monochat_api.TestWebSocket" name="test_ws_call_unavailable_when_offline" time="0.218" /><testcase classname="tests.test_monochat_api.TestWebSocket" name="test_ws_invalid_token_rejected" time="0.145" /><testcase classname="tests.test_safety_and_admin.TestSignupTerms" name="test_signup_rejects_missing_terms" time="0.114" /><testcase classname="tests.test_safety_and_admin.TestSignupTerms" name="test_signup_succeeds_with_terms_and_strong_pw" time="0.321" /><testcase classname="tests.test_safety_and_admin.TestLoginLockout" name="test_lockout_after_5_wrong_then_success" time="2.349" /><testcase classname="tests.test_safety_and_admin.TestBlockReport" name="test_block_hides_chat_and_prevents_messaging" time="1.031" /><testcase classname="tests.test_safety_and_admin.TestBlockReport" name="test_unblock_restores_chat" time="0.194" /><testcase classname="tests.test_safety_and_admin.TestBlockReport" name="test_report_auto_blocks" time="0.208" /><testcase classname="tests.test_safety_and_admin.TestDeleteForEveryone" name="test_delete_message_for_everyone" time="0.388" /><testcase classname="tests.test_safety_and_admin.TestViewOnce" name="test_view_once_image_disappears_after_view" time="0.398" /><testcase classname="tests.test_safety_and_admin.TestScreenshotEvent" name="test_screenshot_event_logged" time="0.094" /><testcase classname="tests.test_safety_and_admin.TestDeleteAccount" name="test_delete_account_removes_login" time="0.507" /><testcase classname="tests.test_safety_and_admin.TestAdminAuth" name="test_admin_me_rejects_end_user" time="0.095" /><testcase classname="tests.test_safety_and_admin.TestAdminAuth" name="test_admin_me_admin" time="0.423" /><testcase classname="tests.test_safety_and_admin.TestAdminAuth" name="test_admin_stats" time="0.093" /><testcase classname="tests.test_safety_and_admin.TestAdminUsersPII" name="test_users_masked_by_default" time="0.102" /><testcase classname="tests.test_safety_and_admin.TestAdminUsersPII" name="test_users_reveal_admin" time="0.095" /><testcase classname="tests.test_safety_and_admin.TestAdminUsersPII" name="test_users_reveal_supervisor_downgraded" time="0.434" /><testcase classname="tests.test_safety_and_admin.TestAdminReports" name="test_reports_resolve_block_suspends_user" time="1.328" /><testcase classname="tests.test_safety_and_admin.TestAdminRolesAudit" name="test_role_change_and_audit_log" time="0.408" /></testsuite></testsuites>