<?xml version="1.0" encoding="utf-8"?><testsuites name="pytest tests"><testsuite name="pytest" errors="0" failures="0" skipped="1" tests="16" time="5.842" timestamp="2026-06-12T10:25:01.276638+00:00" hostname="agent-env-6d4f1ef0-abbe-4a3b-8d22-218265f62595"><testcase classname="tests.test_status.TestStatusCreate" name="test_create_text_status_200" time="1.552" /><testcase classname="tests.test_status.TestStatusCreate" name="test_text_status_missing_text_400" time="0.097" /><testcase classname="tests.test_status.TestStatusCreate" name="test_text_status_too_long_400" time="0.111" /><testcase classname="tests.test_status.TestStatusCreate" name="test_image_status_200" time="0.205" /><testcase classname="tests.test_status.TestStatusCreate" name="test_image_status_missing_400" time="0.100" /><testcase classname="tests.test_status.TestStatusCreate" name="test_video_status_200" time="0.188" /><testcase classname="tests.test_status.TestStatusCreate" name="test_video_status_missing_400" time="0.108" /><testcase classname="tests.test_status.TestStatusCreate" name="test_invalid_type_400" time="0.092" /><testcase classname="tests.test_status.TestStatusFeedAndViews" name="test_feed_as_alice_self_seen" time="1.757" /><testcase classname="tests.test_status.TestStatusFeedAndViews" name="test_feed_as_bob_has_unseen" time="0.094" /><testcase classname="tests.test_status.TestStatusFeedAndViews" name="test_mark_viewed_then_feed_seen" time="0.185" /><testcase classname="tests.test_status.TestStatusFeedAndViews" name="test_viewers_403_for_non_author" time="0.094" /><testcase classname="tests.test_status.TestStatusFeedAndViews" name="test_viewers_for_author_includes_bob" time="0.093" /><testcase classname="tests.test_status.TestStatusFeedAndViews" name="test_delete_403_for_non_author" time="0.099" /><testcase classname="tests.test_status.TestStatusFeedAndViews" name="test_delete_by_author_then_404" time="0.503" /><testcase classname="tests.test_status.TestStatusNonFriend403" name="test_non_friend_403_on_get" time="0.518"><skipped type="pytest.skip" message="Could not flip charlie.verified: Event loop is closed">/app/backend/tests/test_status.py:267: Could not flip charlie.verified: Event loop is closed</skipped></testcase></testsuite></testsuites>