<?xml version="1.0" encoding="utf-8"?><testsuites name="pytest tests"><testsuite name="pytest" errors="0" failures="0" skipped="0" tests="16" time="6.734" timestamp="2026-06-12T09:28:02.518525+00:00" hostname="agent-env-6d4f1ef0-abbe-4a3b-8d22-218265f62595"><testcase classname="tests.test_messaging_features.TestProfileImage" name="test_upload_and_get_via_me" time="0.742" /><testcase classname="tests.test_messaging_features.TestProfileImage" name="test_get_friend_profile_image" time="1.015" /><testcase classname="tests.test_messaging_features.TestProfileImage" name="test_delete_profile_image" time="0.285" /><testcase classname="tests.test_messaging_features.TestProfileImage" name="test_oversize_rejected" time="0.234" /><testcase classname="tests.test_messaging_features.TestRichMediaMessages" name="test_send_audio_message" time="0.198" /><testcase classname="tests.test_messaging_features.TestRichMediaMessages" name="test_send_video_message" time="0.206" /><testcase classname="tests.test_messaging_features.TestRichMediaMessages" name="test_send_location" time="0.197" /><testcase classname="tests.test_messaging_features.TestRichMediaMessages" name="test_send_document" time="0.203" /><testcase classname="tests.test_messaging_features.TestRichMediaMessages" name="test_audio_missing_payload_400" time="0.194" /><testcase classname="tests.test_messaging_features.TestRichMediaMessages" name="test_location_missing_coords_400" time="0.198" /><testcase classname="tests.test_messaging_features.TestRichMediaMessages" name="test_document_missing_name_400" time="0.196" /><testcase classname="tests.test_messaging_features.TestReplyPreview" name="test_reply_populates_preview" time="0.303" /><testcase classname="tests.test_messaging_features.TestReactions" name="test_react_add_and_remove_pushes_ws" time="0.974" /><testcase classname="tests.test_messaging_features.TestTypingIndicator" name="test_typing_pushes_ws_to_friend" time="0.777" /><testcase classname="tests.test_messaging_features.TestTypingIndicator" name="test_typing_to_non_friend_returns_sent_false" time="0.092" /><testcase classname="tests.test_messaging_features.TestReadReceipts" name="test_mark_read_pushes_ws_to_sender" time="0.863" /></testsuite></testsuites>