<?xml version="1.0" encoding="utf-8"?><testsuites name="pytest tests"><testsuite name="pytest" errors="0" failures="0" skipped="0" tests="30" time="11.808" timestamp="2026-06-11T03:30:38.444664+00:00" hostname="agent-env-6d4f1ef0-abbe-4a3b-8d22-218265f62595"><testcase classname="backend.tests.test_monochat_api.TestHealth" name="test_root" time="0.323" /><testcase classname="backend.tests.test_monochat_api.TestAuth" name="test_signup_invalid_email" time="0.184" /><testcase classname="backend.tests.test_monochat_api.TestAuth" name="test_signup_short_password" time="0.138" /><testcase classname="backend.tests.test_monochat_api.TestAuth" name="test_signup_invalid_username" time="0.144" /><testcase classname="backend.tests.test_monochat_api.TestAuth" name="test_signup_duplicate_username" time="0.142" /><testcase classname="backend.tests.test_monochat_api.TestAuth" name="test_signup_duplicate_email" time="0.192" /><testcase classname="backend.tests.test_monochat_api.TestAuth" name="test_signup_and_login_new_user" time="0.601" /><testcase classname="backend.tests.test_monochat_api.TestAuth" name="test_login_wrong_password" time="0.357" /><testcase classname="backend.tests.test_monochat_api.TestAuth" name="test_me_with_token" time="0.442" /><testcase classname="backend.tests.test_monochat_api.TestAuth" name="test_me_invalid_token" time="0.159" /><testcase classname="backend.tests.test_monochat_api.TestVerificationGating" name="test_chats_blocked" time="0.501" /><testcase classname="backend.tests.test_monochat_api.TestVerificationGating" name="test_requests_blocked" time="0.114" /><testcase classname="backend.tests.test_monochat_api.TestVerificationGating" name="test_search_blocked" time="0.170" /><testcase classname="backend.tests.test_monochat_api.TestVerification" name="test_countries" time="0.108" /><testcase classname="backend.tests.test_monochat_api.TestVerification" name="test_submit_returns_structured_response" time="4.112" /><testcase classname="backend.tests.test_monochat_api.TestRequests" name="test_search_existing_user" time="0.141" /><testcase classname="backend.tests.test_monochat_api.TestRequests" name="test_search_self" time="0.116" /><testcase classname="backend.tests.test_monochat_api.TestRequests" name="test_search_unknown" time="0.110" /><testcase classname="backend.tests.test_monochat_api.TestRequests" name="test_self_request" time="0.109" /><testcase classname="backend.tests.test_monochat_api.TestRequests" name="test_unknown_request" time="0.100" /><testcase classname="backend.tests.test_monochat_api.TestRequests" name="test_full_request_accept_flow" time="0.793" /><testcase classname="backend.tests.test_monochat_api.TestMessaging" name="test_send_text_message" time="0.337" /><testcase classname="backend.tests.test_monochat_api.TestMessaging" name="test_send_image_message" time="0.233" /><testcase classname="backend.tests.test_monochat_api.TestMessaging" name="test_chats_list_shows_friend" time="0.240" /><testcase classname="backend.tests.test_monochat_api.TestMessaging" name="test_mark_read" time="0.327" /><testcase classname="backend.tests.test_monochat_api.TestMessaging" name="test_message_to_non_friend_blocked" time="0.117" /><testcase classname="backend.tests.test_monochat_api.TestMessaging" name="test_messages_to_non_friend_get_blocked" time="0.098" /><testcase classname="backend.tests.test_monochat_api.TestWebSocket" name="test_ws_connect_and_message_push" time="0.926" /><testcase classname="backend.tests.test_monochat_api.TestWebSocket" name="test_ws_call_unavailable_when_offline" time="0.208" /><testcase classname="backend.tests.test_monochat_api.TestWebSocket" name="test_ws_invalid_token_rejected" time="0.166" /></testsuite></testsuites>