<?xml version="1.0" encoding="utf-8"?><testsuites name="pytest tests"><testsuite name="pytest" errors="0" failures="0" skipped="0" tests="18" time="10.185" timestamp="2026-06-11T09:29:33.303956+00:00" hostname="agent-env-6d4f1ef0-abbe-4a3b-8d22-218265f62595"><testcase classname="backend.tests.test_safety_and_admin.TestSignupTerms" name="test_signup_rejects_missing_terms" time="0.306" /><testcase classname="backend.tests.test_safety_and_admin.TestSignupTerms" name="test_signup_succeeds_with_terms_and_strong_pw" time="0.364" /><testcase classname="backend.tests.test_safety_and_admin.TestLoginLockout" name="test_lockout_after_5_wrong_then_success" time="2.559" /><testcase classname="backend.tests.test_safety_and_admin.TestBlockReport" name="test_block_hides_chat_and_prevents_messaging" time="1.108" /><testcase classname="backend.tests.test_safety_and_admin.TestBlockReport" name="test_unblock_restores_chat" time="0.279" /><testcase classname="backend.tests.test_safety_and_admin.TestBlockReport" name="test_report_auto_blocks" time="0.237" /><testcase classname="backend.tests.test_safety_and_admin.TestDeleteForEveryone" name="test_delete_message_for_everyone" time="0.436" /><testcase classname="backend.tests.test_safety_and_admin.TestViewOnce" name="test_view_once_image_disappears_after_view" time="0.431" /><testcase classname="backend.tests.test_safety_and_admin.TestScreenshotEvent" name="test_screenshot_event_logged" time="0.115" /><testcase classname="backend.tests.test_safety_and_admin.TestDeleteAccount" name="test_delete_account_removes_login" time="0.673" /><testcase classname="backend.tests.test_safety_and_admin.TestAdminAuth" name="test_admin_me_rejects_end_user" time="0.102" /><testcase classname="backend.tests.test_safety_and_admin.TestAdminAuth" name="test_admin_me_admin" time="0.426" /><testcase classname="backend.tests.test_safety_and_admin.TestAdminAuth" name="test_admin_stats" time="0.098" /><testcase classname="backend.tests.test_safety_and_admin.TestAdminUsersPII" name="test_users_masked_by_default" time="0.114" /><testcase classname="backend.tests.test_safety_and_admin.TestAdminUsersPII" name="test_users_reveal_admin" time="0.110" /><testcase classname="backend.tests.test_safety_and_admin.TestAdminUsersPII" name="test_users_reveal_supervisor_downgraded" time="0.431" /><testcase classname="backend.tests.test_safety_and_admin.TestAdminReports" name="test_reports_resolve_block_suspends_user" time="1.400" /><testcase classname="backend.tests.test_safety_and_admin.TestAdminRolesAudit" name="test_role_change_and_audit_log" time="0.877" /></testsuite></testsuites>